[    28.485] (WW) Failed to open protocol names file lib/xorg/protocol.txt
[    28.486] 
X.Org X Server 1.20.8
X Protocol Version 11, Revision 0
[    28.486] Build Operating System: Linux Arch Linux
[    28.486] Current Operating System: Linux GO-FUCK-YA-MOTHER 5.5.13-zen2-1-zen #1 ZEN SMP PREEMPT Mon, 30 Mar 2020 20:45:45 +0000 x86_64
[    28.486] Kernel command line: BOOT_IMAGE=/vmlinuz-linux-zen root=/dev/mapper/ARCHVG01-RootVOL rw cryptdevice=PARTUUID=dd2ac0b5-d951-4cbb-98f9-3c5f61462478:lvm:allow-discards loglevel=3
[    28.486] Build Date: 30 March 2020  05:05:45AM
[    28.486]  
[    28.487] Current version of pixman: 0.38.4
[    28.487] 	Before reporting problems, check http://wiki.x.org
	to make sure that you have the latest version.
[    28.487] Markers: (--) probed, (**) from config file, (==) default setting,
	(++) from command line, (!!) notice, (II) informational,
	(WW) warning, (EE) error, (NI) not implemented, (??) unknown.
[    28.487] (==) Log file: "/home/inabsentia81/.local/share/xorg/Xorg.0.log", Time: Sun Apr  5 05:14:06 2020
[    28.490] (==) Using system config directory "/usr/share/X11/xorg.conf.d"
[    28.490] (==) No Layout section.  Using the first Screen section.
[    28.490] (==) No screen section available. Using defaults.
[    28.490] (**) |-->Screen "Default Screen Section" (0)
[    28.490] (**) |   |-->Monitor "<default monitor>"
[    28.490] (==) No monitor specified for screen "Default Screen Section".
	Using a default monitor configuration.
[    28.490] (==) Automatically adding devices
[    28.490] (==) Automatically enabling devices
[    28.490] (==) Automatically adding GPU devices
[    28.490] (==) Automatically binding GPU devices
[    28.490] (==) Max clients allowed: 256, resource mask: 0x1fffff
[    28.491] (WW) `fonts.dir' not found (or not valid) in "/usr/share/fonts/misc".
[    28.491] 	Entry deleted from font path.
[    28.491] 	(Run 'mkfontdir' on "/usr/share/fonts/misc").
[    28.491] (WW) The directory "/usr/share/fonts/Type1" does not exist.
[    28.491] 	Entry deleted from font path.
[    28.493] (==) FontPath set to:
	/usr/share/fonts/TTF,
	/usr/share/fonts/OTF,
	/usr/share/fonts/100dpi,
	/usr/share/fonts/75dpi
[    28.493] (==) ModulePath set to "/usr/lib/xorg/modules"
[    28.493] (II) The server relies on udev to provide the list of input devices.
	If no devices become available, reconfigure udev or disable AutoAddDevices.
[    28.493] (II) Module ABI versions:
[    28.493] 	X.Org ANSI C Emulation: 0.4
[    28.493] 	X.Org Video Driver: 24.1
[    28.493] 	X.Org XInput driver : 24.1
[    28.493] 	X.Org Server Extension : 10.0
[    28.494] (++) using VT number 2

[    28.494] (--) controlling tty is VT number 2, auto-enabling KeepTty
[    28.495] (II) systemd-logind: took control of session /org/freedesktop/login1/session/_31
[    28.496] (II) xfree86: Adding drm device (/dev/dri/card0)
[    28.496] (II) systemd-logind: got fd for /dev/dri/card0 226:0 fd 10 paused 0
[    28.500] (--) PCI:*(0@0:2:0) 8086:1616:1025:098a rev 9, Mem @ 0xc0000000/16777216, 0xb0000000/268435456, I/O @ 0x00004000/64, BIOS @ 0x????????/131072
[    28.500] (WW) Open ACPI failed (/var/run/acpid.socket) (No such file or directory)
[    28.500] (II) LoadModule: "glx"
[    28.501] (II) Loading /usr/lib/xorg/modules/extensions/libglx.so
[    28.516] (II) Module glx: vendor="X.Org Foundation"
[    28.516] 	compiled for 1.20.8, module version = 1.0.0
[    28.516] 	ABI class: X.Org Server Extension, version 10.0
[    28.516] (==) Matched intel as autoconfigured driver 0
[    28.516] (==) Matched modesetting as autoconfigured driver 1
[    28.516] (==) Matched fbdev as autoconfigured driver 2
[    28.516] (==) Matched vesa as autoconfigured driver 3
[    28.516] (==) Assigned the driver to the xf86ConfigLayout
[    28.516] (II) LoadModule: "intel"
[    28.516] (II) Loading /usr/lib/xorg/modules/drivers/intel_drv.so
[    28.528] (II) Module intel: vendor="X.Org Foundation"
[    28.528] 	compiled for 1.20.6, module version = 2.99.917
[    28.528] 	Module class: X.Org Video Driver
[    28.528] 	ABI class: X.Org Video Driver, version 24.0
[    28.528] (II) LoadModule: "modesetting"
[    28.528] (II) Loading /usr/lib/xorg/modules/drivers/modesetting_drv.so
[    28.535] (II) Module modesetting: vendor="X.Org Foundation"
[    28.535] 	compiled for 1.20.8, module version = 1.20.8
[    28.535] 	Module class: X.Org Video Driver
[    28.535] 	ABI class: X.Org Video Driver, version 24.1
[    28.535] (II) LoadModule: "fbdev"
[    28.536] (WW) Warning, couldn't open module fbdev
[    28.536] (EE) Failed to load module "fbdev" (module does not exist, 0)
[    28.536] (II) LoadModule: "vesa"
[    28.536] (II) Loading /usr/lib/xorg/modules/drivers/vesa_drv.so
[    28.537] (II) Module vesa: vendor="X.Org Foundation"
[    28.537] 	compiled for 1.20.0, module version = 2.4.0
[    28.537] 	Module class: X.Org Video Driver
[    28.537] 	ABI class: X.Org Video Driver, version 24.0
[    28.537] (II) intel: Driver for Intel(R) Integrated Graphics Chipsets:
	i810, i810-dc100, i810e, i815, i830M, 845G, 854, 852GM/855GM, 865G,
	915G, E7221 (i915), 915GM, 945G, 945GM, 945GME, Pineview GM,
	Pineview G, 965G, G35, 965Q, 946GZ, 965GM, 965GME/GLE, G33, Q35, Q33,
	GM45, 4 Series, G45/G43, Q45/Q43, G41, B43
[    28.538] (II) intel: Driver for Intel(R) HD Graphics
[    28.538] (II) intel: Driver for Intel(R) Iris(TM) Graphics
[    28.538] (II) intel: Driver for Intel(R) Iris(TM) Pro Graphics
[    28.538] (II) modesetting: Driver for Modesetting Kernel Drivers: kms
[    28.538] (II) VESA: driver for VESA chipsets: vesa
[    28.538] xf86EnableIOPorts: failed to set IOPL for I/O (Operation not permitted)
[    28.538] (II) intel(0): Using Kernel Mode Setting driver: i915, version 1.6.0 20191101
[    28.538] (II) intel(0): SNA compiled from 2.99.917-899-gf66d3954
[    28.550] (WW) Falling back to old probe method for modesetting
[    28.550] (WW) VGA arbiter: cannot open kernel arbiter, no multi-card support
[    28.551] (--) intel(0): Integrated Graphics Chipset: Intel(R) HD Graphics 5500
[    28.551] (--) intel(0): CPU: x86-64, sse2, sse3, ssse3, sse4.1, sse4.2, avx, avx2; using a maximum of 2 threads
[    28.551] (II) intel(0): Creating default Display subsection in Screen section
	"Default Screen Section" for depth/fbbpp 24/32
[    28.551] (==) intel(0): Depth 24, (--) framebuffer bpp 32
[    28.551] (==) intel(0): RGB weight 888
[    28.551] (==) intel(0): Default visual is TrueColor
[    28.553] (II) intel(0): Output eDP1 has no monitor section
[    28.554] (**) intel(0): Found backlight control interface intel_backlight (type 'raw') for output eDP1
[    28.554] (II) intel(0): Enabled output eDP1
[    28.554] (II) intel(0): Output HDMI1 has no monitor section
[    28.554] (II) intel(0): Enabled output HDMI1
[    28.555] (II) intel(0): Output DP1 has no monitor section
[    28.555] (II) intel(0): Enabled output DP1
[    28.555] (--) intel(0): Using a maximum size of 256x256 for hardware cursors
[    28.555] (II) intel(0): Output VIRTUAL1 has no monitor section
[    28.555] (II) intel(0): Enabled output VIRTUAL1
[    28.555] (--) intel(0): Output eDP1 using initial mode 1366x768 on pipe 0
[    28.556] (==) intel(0): TearFree disabled
[    28.556] (==) intel(0): Using gamma correction (1.0, 1.0, 1.0)
[    28.556] (==) intel(0): DPI set to (96, 96)
[    28.556] (II) Loading sub module "dri3"
[    28.556] (II) LoadModule: "dri3"
[    28.556] (II) Module "dri3" already built-in
[    28.556] (II) Loading sub module "dri2"
[    28.556] (II) LoadModule: "dri2"
[    28.556] (II) Module "dri2" already built-in
[    28.556] (II) Loading sub module "present"
[    28.556] (II) LoadModule: "present"
[    28.556] (II) Module "present" already built-in
[    28.556] (II) UnloadModule: "modesetting"
[    28.556] (II) Unloading modesetting
[    28.556] (II) UnloadModule: "vesa"
[    28.556] (II) Unloading vesa
[    28.557] (II) intel(0): SNA initialized with Broadwell (gen8) backend
[    28.557] (==) intel(0): Backing store enabled
[    28.557] (==) intel(0): Silken mouse disabled
[    28.557] (II) intel(0): HW Cursor enabled
[    28.558] (==) intel(0): DPMS enabled
[    28.558] (==) intel(0): Display hotplug detection enabled
[    28.558] (II) intel(0): [DRI2] Setup complete
[    28.558] (II) intel(0): [DRI2]   DRI driver: i965
[    28.558] (II) intel(0): [DRI2]   VDPAU driver: va_gl
[    28.558] (II) intel(0): direct rendering: DRI2 DRI3 enabled
[    28.558] (II) intel(0): hardware support for Present enabled
[    28.558] (II) Initializing extension Generic Event Extension
[    28.558] (II) Initializing extension SHAPE
[    28.558] (II) Initializing extension MIT-SHM
[    28.558] (II) Initializing extension XInputExtension
[    28.558] (II) Initializing extension XTEST
[    28.558] (II) Initializing extension BIG-REQUESTS
[    28.558] (II) Initializing extension SYNC
[    28.559] (II) Initializing extension XKEYBOARD
[    28.559] (II) Initializing extension XC-MISC
[    28.559] (II) Initializing extension SECURITY
[    28.559] (II) Initializing extension XFIXES
[    28.559] (II) Initializing extension RENDER
[    28.559] (II) Initializing extension RANDR
[    28.559] (II) Initializing extension COMPOSITE
[    28.559] (II) Initializing extension DAMAGE
[    28.559] (II) Initializing extension MIT-SCREEN-SAVER
[    28.559] (II) Initializing extension DOUBLE-BUFFER
[    28.559] (II) Initializing extension RECORD
[    28.559] (II) Initializing extension DPMS
[    28.559] (II) Initializing extension Present
[    28.559] (II) Initializing extension DRI3
[    28.559] (II) Initializing extension X-Resource
[    28.559] (II) Initializing extension XVideo
[    28.559] (II) Initializing extension XVideo-MotionCompensation
[    28.559] (II) Initializing extension GLX
[    28.629] (II) AIGLX: Loaded and initialized i965
[    28.629] (II) GLX: Initialized DRI2 GL provider for screen 0
[    28.629] (II) Initializing extension XFree86-VidModeExtension
[    28.629] (II) Initializing extension XFree86-DGA
[    28.629] (II) Initializing extension XFree86-DRI
[    28.629] (II) Initializing extension DRI2
[    28.634] (II) intel(0): switch to mode 1366x768@60.0 on eDP1 using pipe 0, position (0, 0), rotation normal, reflection none
[    28.635] (II) intel(0): Setting screen physical size to 361 x 203
[    28.750] (II) config/udev: Adding input device Power Button (/dev/input/event3)
[    28.750] (**) Power Button: Applying InputClass "libinput keyboard catchall"
[    28.750] (II) LoadModule: "libinput"
[    28.750] (II) Loading /usr/lib/xorg/modules/input/libinput_drv.so
[    28.756] (II) Module libinput: vendor="X.Org Foundation"
[    28.756] 	compiled for 1.20.7, module version = 0.29.0
[    28.756] 	Module class: X.Org XInput Driver
[    28.756] 	ABI class: X.Org XInput driver, version 24.1
[    28.756] (II) Using input driver 'libinput' for 'Power Button'
[    28.757] (II) systemd-logind: got fd for /dev/input/event3 13:67 fd 15 paused 0
[    28.757] (**) Power Button: always reports core events
[    28.757] (**) Option "Device" "/dev/input/event3"
[    28.757] (**) Option "_source" "server/udev"
[    28.762] (II) event3  - Power Button: is tagged by udev as: Keyboard
[    28.762] (II) event3  - Power Button: device is a keyboard
[    28.762] (II) event3  - Power Button: device removed
[    28.762] (**) Option "config_info" "udev:/sys/devices/LNXSYSTM:00/LNXPWRBN:00/input/input3/event3"
[    28.762] (II) XINPUT: Adding extended input device "Power Button" (type: KEYBOARD, id 6)
[    28.764] (II) event3  - Power Button: is tagged by udev as: Keyboard
[    28.764] (II) event3  - Power Button: device is a keyboard
[    28.765] (II) config/udev: Adding input device Video Bus (/dev/input/event4)
[    28.765] (**) Video Bus: Applying InputClass "libinput keyboard catchall"
[    28.765] (II) Using input driver 'libinput' for 'Video Bus'
[    28.766] (II) systemd-logind: got fd for /dev/input/event4 13:68 fd 18 paused 0
[    28.766] (**) Video Bus: always reports core events
[    28.766] (**) Option "Device" "/dev/input/event4"
[    28.766] (**) Option "_source" "server/udev"
[    28.767] (II) event4  - Video Bus: is tagged by udev as: Keyboard
[    28.767] (II) event4  - Video Bus: device is a keyboard
[    28.768] (II) event4  - Video Bus: device removed
[    28.768] (**) Option "config_info" "udev:/sys/devices/LNXSYSTM:00/LNXSYBUS:00/PNP0A08:00/LNXVIDEO:00/input/input4/event4"
[    28.768] (II) XINPUT: Adding extended input device "Video Bus" (type: KEYBOARD, id 7)
[    28.769] (II) event4  - Video Bus: is tagged by udev as: Keyboard
[    28.769] (II) event4  - Video Bus: device is a keyboard
[    28.770] (II) config/udev: Adding input device Power Button (/dev/input/event0)
[    28.770] (**) Power Button: Applying InputClass "libinput keyboard catchall"
[    28.770] (II) Using input driver 'libinput' for 'Power Button'
[    28.770] (II) systemd-logind: got fd for /dev/input/event0 13:64 fd 19 paused 0
[    28.770] (**) Power Button: always reports core events
[    28.770] (**) Option "Device" "/dev/input/event0"
[    28.771] (**) Option "_source" "server/udev"
[    28.772] (II) event0  - Power Button: is tagged by udev as: Keyboard
[    28.772] (II) event0  - Power Button: device is a keyboard
[    28.772] (II) event0  - Power Button: device removed
[    28.772] (**) Option "config_info" "udev:/sys/devices/LNXSYSTM:00/LNXSYBUS:00/PNP0C0C:00/input/input0/event0"
[    28.772] (II) XINPUT: Adding extended input device "Power Button" (type: KEYBOARD, id 8)
[    28.773] (II) event0  - Power Button: is tagged by udev as: Keyboard
[    28.773] (II) event0  - Power Button: device is a keyboard
[    28.774] (II) config/udev: Adding input device Lid Switch (/dev/input/event2)
[    28.774] (II) No input driver specified, ignoring this device.
[    28.774] (II) This device may have been added with another device file.
[    28.774] (II) config/udev: Adding input device Sleep Button (/dev/input/event1)
[    28.775] (**) Sleep Button: Applying InputClass "libinput keyboard catchall"
[    28.775] (II) Using input driver 'libinput' for 'Sleep Button'
[    28.775] (II) systemd-logind: got fd for /dev/input/event1 13:65 fd 20 paused 0
[    28.775] (**) Sleep Button: always reports core events
[    28.775] (**) Option "Device" "/dev/input/event1"
[    28.775] (**) Option "_source" "server/udev"
[    28.777] (II) event1  - Sleep Button: is tagged by udev as: Keyboard
[    28.777] (II) event1  - Sleep Button: device is a keyboard
[    28.777] (II) event1  - Sleep Button: device removed
[    28.777] (**) Option "config_info" "udev:/sys/devices/LNXSYSTM:00/LNXSYBUS:00/PNP0C0E:00/input/input1/event1"
[    28.777] (II) XINPUT: Adding extended input device "Sleep Button" (type: KEYBOARD, id 9)
[    28.778] (II) event1  - Sleep Button: is tagged by udev as: Keyboard
[    28.778] (II) event1  - Sleep Button: device is a keyboard
[    28.779] (II) config/udev: Adding input device HDA Intel HDMI HDMI/DP,pcm=3 (/dev/input/event7)
[    28.779] (II) No input driver specified, ignoring this device.
[    28.779] (II) This device may have been added with another device file.
[    28.779] (II) config/udev: Adding input device HDA Intel HDMI HDMI/DP,pcm=7 (/dev/input/event8)
[    28.779] (II) No input driver specified, ignoring this device.
[    28.780] (II) This device may have been added with another device file.
[    28.780] (II) config/udev: Adding input device HDA Intel HDMI HDMI/DP,pcm=8 (/dev/input/event10)
[    28.780] (II) No input driver specified, ignoring this device.
[    28.780] (II) This device may have been added with another device file.
[    28.780] (II) config/udev: Adding input device HDA Intel HDMI HDMI/DP,pcm=9 (/dev/input/event11)
[    28.780] (II) No input driver specified, ignoring this device.
[    28.780] (II) This device may have been added with another device file.
[    28.781] (II) config/udev: Adding input device HDA Intel HDMI HDMI/DP,pcm=10 (/dev/input/event12)
[    28.781] (II) No input driver specified, ignoring this device.
[    28.781] (II) This device may have been added with another device file.
[    28.782] (II) config/udev: Adding input device HD WebCam: HD WebCam (/dev/input/event15)
[    28.782] (**) HD WebCam: HD WebCam: Applying InputClass "libinput keyboard catchall"
[    28.782] (II) Using input driver 'libinput' for 'HD WebCam: HD WebCam'
[    28.783] (II) systemd-logind: got fd for /dev/input/event15 13:79 fd 21 paused 0
[    28.783] (**) HD WebCam: HD WebCam: always reports core events
[    28.783] (**) Option "Device" "/dev/input/event15"
[    28.783] (**) Option "_source" "server/udev"
[    28.785] (II) event15 - HD WebCam: HD WebCam: is tagged by udev as: Keyboard
[    28.785] (II) event15 - HD WebCam: HD WebCam: device is a keyboard
[    28.785] (II) event15 - HD WebCam: HD WebCam: device removed
[    28.785] (**) Option "config_info" "udev:/sys/devices/pci0000:00/0000:00:14.0/usb1/1-7/1-7:1.0/input/input20/event15"
[    28.785] (II) XINPUT: Adding extended input device "HD WebCam: HD WebCam" (type: KEYBOARD, id 10)
[    28.787] (II) event15 - HD WebCam: HD WebCam: is tagged by udev as: Keyboard
[    28.787] (II) event15 - HD WebCam: HD WebCam: device is a keyboard
[    28.788] (II) config/udev: Adding input device HDA Digital PCBeep (/dev/input/event16)
[    28.788] (II) No input driver specified, ignoring this device.
[    28.788] (II) This device may have been added with another device file.
[    28.789] (II) config/udev: Adding input device HDA Intel PCH Front Headphone (/dev/input/event17)
[    28.789] (II) No input driver specified, ignoring this device.
[    28.789] (II) This device may have been added with another device file.
[    28.789] (II) config/udev: Adding input device SYN1B81:01 06CB:7406 Mouse (/dev/input/event13)
[    28.789] (**) SYN1B81:01 06CB:7406 Mouse: Applying InputClass "libinput pointer catchall"
[    28.789] (II) Using input driver 'libinput' for 'SYN1B81:01 06CB:7406 Mouse'
[    28.790] (II) systemd-logind: got fd for /dev/input/event13 13:77 fd 22 paused 0
[    28.791] (**) SYN1B81:01 06CB:7406 Mouse: always reports core events
[    28.791] (**) Option "Device" "/dev/input/event13"
[    28.791] (**) Option "_source" "server/udev"
[    28.792] (II) event13 - SYN1B81:01 06CB:7406 Mouse: is tagged by udev as: Mouse Pointingstick
[    28.793] (II) event13 - SYN1B81:01 06CB:7406 Mouse: device is a pointer
[    28.794] (II) event13 - SYN1B81:01 06CB:7406 Mouse: device removed
[    28.794] (**) Option "config_info" "udev:/sys/devices/pci0000:00/INT3432:00/i2c-0/i2c-SYN1B81:01/0018:06CB:7406.0001/input/input17/event13"
[    28.794] (II) XINPUT: Adding extended input device "SYN1B81:01 06CB:7406 Mouse" (type: MOUSE, id 11)
[    28.794] (**) Option "AccelerationScheme" "none"
[    28.794] (**) SYN1B81:01 06CB:7406 Mouse: (accel) selected scheme none/0
[    28.794] (**) SYN1B81:01 06CB:7406 Mouse: (accel) acceleration factor: 2.000
[    28.794] (**) SYN1B81:01 06CB:7406 Mouse: (accel) acceleration threshold: 4
[    28.796] (II) event13 - SYN1B81:01 06CB:7406 Mouse: is tagged by udev as: Mouse Pointingstick
[    28.796] (II) event13 - SYN1B81:01 06CB:7406 Mouse: device is a pointer
[    28.798] (II) config/udev: Adding input device SYN1B81:01 06CB:7406 Mouse (/dev/input/mouse0)
[    28.798] (II) No input driver specified, ignoring this device.
[    28.798] (II) This device may have been added with another device file.
[    28.798] (II) config/udev: Adding input device SYN1B81:01 06CB:7406 Touchpad (/dev/input/event14)
[    28.798] (**) SYN1B81:01 06CB:7406 Touchpad: Applying InputClass "libinput touchpad catchall"
[    28.798] (**) SYN1B81:01 06CB:7406 Touchpad: Applying InputClass "libinput touchpad catchall"
[    28.798] (II) Using input driver 'libinput' for 'SYN1B81:01 06CB:7406 Touchpad'
[    28.799] (II) systemd-logind: got fd for /dev/input/event14 13:78 fd 23 paused 0
[    28.800] (**) SYN1B81:01 06CB:7406 Touchpad: always reports core events
[    28.800] (**) Option "Device" "/dev/input/event14"
[    28.800] (**) Option "_source" "server/udev"
[    28.801] (II) event14 - SYN1B81:01 06CB:7406 Touchpad: is tagged by udev as: Touchpad
[    28.803] (II) event14 - SYN1B81:01 06CB:7406 Touchpad: device is a touchpad
[    28.804] (II) event14 - SYN1B81:01 06CB:7406 Touchpad: device removed
[    28.804] (**) Option "Tapping" "on"
[    28.804] (**) Option "AccelSpeed" "0.5"
[    28.804] (**) Option "NaturalScrolling" "true"
[    28.804] (**) Option "config_info" "udev:/sys/devices/pci0000:00/INT3432:00/i2c-0/i2c-SYN1B81:01/0018:06CB:7406.0001/input/input18/event14"
[    28.804] (II) XINPUT: Adding extended input device "SYN1B81:01 06CB:7406 Touchpad" (type: TOUCHPAD, id 12)
[    28.806] (**) Option "AccelerationScheme" "none"
[    28.806] (**) SYN1B81:01 06CB:7406 Touchpad: (accel) selected scheme none/0
[    28.806] (**) SYN1B81:01 06CB:7406 Touchpad: (accel) acceleration factor: 2.000
[    28.806] (**) SYN1B81:01 06CB:7406 Touchpad: (accel) acceleration threshold: 4
[    28.808] (II) event14 - SYN1B81:01 06CB:7406 Touchpad: is tagged by udev as: Touchpad
[    28.809] (II) event14 - SYN1B81:01 06CB:7406 Touchpad: device is a touchpad
[    28.810] (II) config/udev: Adding input device SYN1B81:01 06CB:7406 Touchpad (/dev/input/mouse1)
[    28.810] (II) No input driver specified, ignoring this device.
[    28.811] (II) This device may have been added with another device file.
[    28.811] (II) config/udev: Adding input device AT Translated Set 2 keyboard (/dev/input/event5)
[    28.811] (**) AT Translated Set 2 keyboard: Applying InputClass "libinput keyboard catchall"
[    28.811] (II) Using input driver 'libinput' for 'AT Translated Set 2 keyboard'
[    28.812] (II) systemd-logind: got fd for /dev/input/event5 13:69 fd 24 paused 0
[    28.812] (**) AT Translated Set 2 keyboard: always reports core events
[    28.812] (**) Option "Device" "/dev/input/event5"
[    28.812] (**) Option "_source" "server/udev"
[    28.813] (II) event5  - AT Translated Set 2 keyboard: is tagged by udev as: Keyboard
[    28.814] (II) event5  - AT Translated Set 2 keyboard: device is a keyboard
[    28.814] (II) event5  - AT Translated Set 2 keyboard: device removed
[    28.815] (**) Option "config_info" "udev:/sys/devices/platform/i8042/serio0/input/input5/event5"
[    28.815] (II) XINPUT: Adding extended input device "AT Translated Set 2 keyboard" (type: KEYBOARD, id 13)
[    28.816] (II) event5  - AT Translated Set 2 keyboard: is tagged by udev as: Keyboard
[    28.816] (II) event5  - AT Translated Set 2 keyboard: device is a keyboard
[    28.817] (II) config/udev: Adding input device PC Speaker (/dev/input/event6)
[    28.817] (II) No input driver specified, ignoring this device.
[    28.817] (II) This device may have been added with another device file.
[    28.818] (II) config/udev: Adding input device Acer WMI hotkeys (/dev/input/event9)
[    28.818] (**) Acer WMI hotkeys: Applying InputClass "libinput keyboard catchall"
[    28.818] (II) Using input driver 'libinput' for 'Acer WMI hotkeys'
[    28.819] (II) systemd-logind: got fd for /dev/input/event9 13:73 fd 25 paused 0
[    28.819] (**) Acer WMI hotkeys: always reports core events
[    28.819] (**) Option "Device" "/dev/input/event9"
[    28.819] (**) Option "_source" "server/udev"
[    28.821] (II) event9  - Acer WMI hotkeys: is tagged by udev as: Keyboard
[    28.821] (II) event9  - Acer WMI hotkeys: device is a keyboard
[    28.821] (II) event9  - Acer WMI hotkeys: device removed
[    28.821] (**) Option "config_info" "udev:/sys/devices/virtual/input/input10/event9"
[    28.821] (II) XINPUT: Adding extended input device "Acer WMI hotkeys" (type: KEYBOARD, id 14)
[    28.823] (II) event9  - Acer WMI hotkeys: is tagged by udev as: Keyboard
[    28.823] (II) event9  - Acer WMI hotkeys: device is a keyboard
[    29.019] (II) intel(0): EDID vendor "CMN", prod id 5578
[    29.019] (II) intel(0): Printing DDC gathered Modelines:
[    29.019] (II) intel(0): Modeline "1366x768"x0.0   76.42  1366 1434 1479 1592  768 772 779 800 -hsync -vsync (48.0 kHz eP)
[  1363.016] (EE) event14 - SYN1B81:01 06CB:7406 Touchpad: kernel bug: Touch jump detected and discarded.
See https://wayland.freedesktop.org/libinput/doc/1.15.4/touchpad-jumping-cursors.html for details
[  2123.127] (EE) event14 - SYN1B81:01 06CB:7406 Touchpad: kernel bug: Touch jump detected and discarded.
See https://wayland.freedesktop.org/libinput/doc/1.15.4/touchpad-jumping-cursors.html for details
[  3002.495] (EE) event14 - SYN1B81:01 06CB:7406 Touchpad: kernel bug: Touch jump detected and discarded.
See https://wayland.freedesktop.org/libinput/doc/1.15.4/touchpad-jumping-cursors.html for details
[  4932.533] (EE) event14 - SYN1B81:01 06CB:7406 Touchpad: kernel bug: Touch jump detected and discarded.
See https://wayland.freedesktop.org/libinput/doc/1.15.4/touchpad-jumping-cursors.html for details
